Created by PLY version 3.10 (http://www.dabeaz.com/ply)

Grammar

Rule 0     S' -> start
Rule 1     start -> statement
Rule 2     start -> variable
Rule 3     start -> empty
Rule 4     statement -> verb entity STRING
Rule 5     statement -> verb entity INTEGER
Rule 6     statement -> verb entity
Rule 7     statement -> verb STRING
Rule 8     statement -> verb
Rule 9     verb -> VIEW
Rule 10    verb -> GOTO
Rule 11    verb -> WHERE
Rule 12    verb -> RENT
Rule 13    verb -> LOGIN
Rule 14    verb -> DUE
Rule 15    verb -> BACK
Rule 16    verb -> HELP
Rule 17    verb -> SORT
Rule 18    verb -> EXIT
Rule 19    verb -> LOGOUT
Rule 20    verb -> RETURN
Rule 21    entity -> SHELF
Rule 22    entity -> BOOK
Rule 23    entity -> LIBRARY
Rule 24    variable -> VARIABLE
Rule 25    empty -> <empty>

Terminals, with rules where they appear

BACK                 : 15
BOOK                 : 22
DUE                  : 14
EXIT                 : 18
GOTO                 : 10
HELP                 : 16
INTEGER              : 5
LIBRARY              : 23
LOGIN                : 13
LOGOUT               : 19
RENT                 : 12
RETURN               : 20
SHELF                : 21
SORT                 : 17
STRING               : 4 7
VARIABLE             : 24
VIEW                 : 9
WHERE                : 11
error                : 

Nonterminals, with rules where they appear

empty                : 3
entity               : 4 5 6
start                : 0
statement            : 1
variable             : 2
verb                 : 4 5 6 7 8

Parsing method: LALR

state 0

    (0) S' -> . start
    (1) start -> . statement
    (2) start -> . variable
    (3) start -> . empty
    (4) statement -> . verb entity STRING
    (5) statement -> . verb entity INTEGER
    (6) statement -> . verb entity
    (7) statement -> . verb STRING
    (8) statement -> . verb
    (24) variable -> . VARIABLE
    (25) empty -> .
    (9) verb -> . VIEW
    (10) verb -> . GOTO
    (11) verb -> . WHERE
    (12) verb -> . RENT
    (13) verb -> . LOGIN
    (14) verb -> . DUE
    (15) verb -> . BACK
    (16) verb -> . HELP
    (17) verb -> . SORT
    (18) verb -> . EXIT
    (19) verb -> . LOGOUT
    (20) verb -> . RETURN

    VARIABLE        shift and go to state 6
    $end            reduce using rule 25 (empty -> .)
    VIEW            shift and go to state 7
    GOTO            shift and go to state 8
    WHERE           shift and go to state 9
    RENT            shift and go to state 10
    LOGIN           shift and go to state 11
    DUE             shift and go to state 12
    BACK            shift and go to state 13
    HELP            shift and go to state 14
    SORT            shift and go to state 15
    EXIT            shift and go to state 16
    LOGOUT          shift and go to state 17
    RETURN          shift and go to state 18

    start                          shift and go to state 1
    statement                      shift and go to state 2
    variable                       shift and go to state 3
    empty                          shift and go to state 4
    verb                           shift and go to state 5

state 1

    (0) S' -> start .



state 2

    (1) start -> statement .

    $end            reduce using rule 1 (start -> statement .)


state 3

    (2) start -> variable .

    $end            reduce using rule 2 (start -> variable .)


state 4

    (3) start -> empty .

    $end            reduce using rule 3 (start -> empty .)


state 5

    (4) statement -> verb . entity STRING
    (5) statement -> verb . entity INTEGER
    (6) statement -> verb . entity
    (7) statement -> verb . STRING
    (8) statement -> verb .
    (21) entity -> . SHELF
    (22) entity -> . BOOK
    (23) entity -> . LIBRARY

    STRING          shift and go to state 20
    $end            reduce using rule 8 (statement -> verb .)
    SHELF           shift and go to state 21
    BOOK            shift and go to state 22
    LIBRARY         shift and go to state 23

    entity                         shift and go to state 19

state 6

    (24) variable -> VARIABLE .

    $end            reduce using rule 24 (variable -> VARIABLE .)


state 7

    (9) verb -> VIEW .

    STRING          reduce using rule 9 (verb -> VIEW .)
    SHELF           reduce using rule 9 (verb -> VIEW .)
    BOOK            reduce using rule 9 (verb -> VIEW .)
    LIBRARY         reduce using rule 9 (verb -> VIEW .)
    $end            reduce using rule 9 (verb -> VIEW .)


state 8

    (10) verb -> GOTO .

    STRING          reduce using rule 10 (verb -> GOTO .)
    SHELF           reduce using rule 10 (verb -> GOTO .)
    BOOK            reduce using rule 10 (verb -> GOTO .)
    LIBRARY         reduce using rule 10 (verb -> GOTO .)
    $end            reduce using rule 10 (verb -> GOTO .)


state 9

    (11) verb -> WHERE .

    STRING          reduce using rule 11 (verb -> WHERE .)
    SHELF           reduce using rule 11 (verb -> WHERE .)
    BOOK            reduce using rule 11 (verb -> WHERE .)
    LIBRARY         reduce using rule 11 (verb -> WHERE .)
    $end            reduce using rule 11 (verb -> WHERE .)


state 10

    (12) verb -> RENT .

    STRING          reduce using rule 12 (verb -> RENT .)
    SHELF           reduce using rule 12 (verb -> RENT .)
    BOOK            reduce using rule 12 (verb -> RENT .)
    LIBRARY         reduce using rule 12 (verb -> RENT .)
    $end            reduce using rule 12 (verb -> RENT .)


state 11

    (13) verb -> LOGIN .

    STRING          reduce using rule 13 (verb -> LOGIN .)
    SHELF           reduce using rule 13 (verb -> LOGIN .)
    BOOK            reduce using rule 13 (verb -> LOGIN .)
    LIBRARY         reduce using rule 13 (verb -> LOGIN .)
    $end            reduce using rule 13 (verb -> LOGIN .)


state 12

    (14) verb -> DUE .

    STRING          reduce using rule 14 (verb -> DUE .)
    SHELF           reduce using rule 14 (verb -> DUE .)
    BOOK            reduce using rule 14 (verb -> DUE .)
    LIBRARY         reduce using rule 14 (verb -> DUE .)
    $end            reduce using rule 14 (verb -> DUE .)


state 13

    (15) verb -> BACK .

    STRING          reduce using rule 15 (verb -> BACK .)
    SHELF           reduce using rule 15 (verb -> BACK .)
    BOOK            reduce using rule 15 (verb -> BACK .)
    LIBRARY         reduce using rule 15 (verb -> BACK .)
    $end            reduce using rule 15 (verb -> BACK .)


state 14

    (16) verb -> HELP .

    STRING          reduce using rule 16 (verb -> HELP .)
    SHELF           reduce using rule 16 (verb -> HELP .)
    BOOK            reduce using rule 16 (verb -> HELP .)
    LIBRARY         reduce using rule 16 (verb -> HELP .)
    $end            reduce using rule 16 (verb -> HELP .)


state 15

    (17) verb -> SORT .

    STRING          reduce using rule 17 (verb -> SORT .)
    SHELF           reduce using rule 17 (verb -> SORT .)
    BOOK            reduce using rule 17 (verb -> SORT .)
    LIBRARY         reduce using rule 17 (verb -> SORT .)
    $end            reduce using rule 17 (verb -> SORT .)


state 16

    (18) verb -> EXIT .

    STRING          reduce using rule 18 (verb -> EXIT .)
    SHELF           reduce using rule 18 (verb -> EXIT .)
    BOOK            reduce using rule 18 (verb -> EXIT .)
    LIBRARY         reduce using rule 18 (verb -> EXIT .)
    $end            reduce using rule 18 (verb -> EXIT .)


state 17

    (19) verb -> LOGOUT .

    STRING          reduce using rule 19 (verb -> LOGOUT .)
    SHELF           reduce using rule 19 (verb -> LOGOUT .)
    BOOK            reduce using rule 19 (verb -> LOGOUT .)
    LIBRARY         reduce using rule 19 (verb -> LOGOUT .)
    $end            reduce using rule 19 (verb -> LOGOUT .)


state 18

    (20) verb -> RETURN .

    STRING          reduce using rule 20 (verb -> RETURN .)
    SHELF           reduce using rule 20 (verb -> RETURN .)
    BOOK            reduce using rule 20 (verb -> RETURN .)
    LIBRARY         reduce using rule 20 (verb -> RETURN .)
    $end            reduce using rule 20 (verb -> RETURN .)


state 19

    (4) statement -> verb entity . STRING
    (5) statement -> verb entity . INTEGER
    (6) statement -> verb entity .

    STRING          shift and go to state 24
    INTEGER         shift and go to state 25
    $end            reduce using rule 6 (statement -> verb entity .)


state 20

    (7) statement -> verb STRING .

    $end            reduce using rule 7 (statement -> verb STRING .)


state 21

    (21) entity -> SHELF .

    STRING          reduce using rule 21 (entity -> SHELF .)
    INTEGER         reduce using rule 21 (entity -> SHELF .)
    $end            reduce using rule 21 (entity -> SHELF .)


state 22

    (22) entity -> BOOK .

    STRING          reduce using rule 22 (entity -> BOOK .)
    INTEGER         reduce using rule 22 (entity -> BOOK .)
    $end            reduce using rule 22 (entity -> BOOK .)


state 23

    (23) entity -> LIBRARY .

    STRING          reduce using rule 23 (entity -> LIBRARY .)
    INTEGER         reduce using rule 23 (entity -> LIBRARY .)
    $end            reduce using rule 23 (entity -> LIBRARY .)


state 24

    (4) statement -> verb entity STRING .

    $end            reduce using rule 4 (statement -> verb entity STRING .)


state 25

    (5) statement -> verb entity INTEGER .

    $end            reduce using rule 5 (statement -> verb entity INTEGER .)

