Created by PLY version 3.10 (http://www.dabeaz.com/ply)

Grammar

Rule 0     S' -> statement
Rule 1     statement -> VARIABLE = expression
Rule 2     statement -> expression
Rule 3     expression -> expression + expression
Rule 4     expression -> expression - expression
Rule 5     expression -> expression * expression
Rule 6     expression -> expression / expression
Rule 7     expression -> - expression
Rule 8     expression -> ( expression )
Rule 9     expression -> INTEGER
Rule 10    expression -> FLOAT
Rule 11    expression -> VARIABLE

Terminals, with rules where they appear

(                    : 8
)                    : 8
*                    : 5
+                    : 3
-                    : 4 7
/                    : 6
=                    : 1
FLOAT                : 10
INTEGER              : 9
VARIABLE             : 1 11
error                : 

Nonterminals, with rules where they appear

expression           : 1 2 3 3 4 4 5 5 6 6 7 8
statement            : 0

Parsing method: LALR

state 0

    (0) S' -> . statement
    (1) statement -> . VARIABLE = expression
    (2) statement -> . expression
    (3) expression -> . expression + expression
    (4) expression -> . expression - expression
    (5) expression -> . expression * expression
    (6) expression -> . expression / expression
    (7) expression -> . - expression
    (8) expression -> . ( expression )
    (9) expression -> . INTEGER
    (10) expression -> . FLOAT
    (11) expression -> . VARIABLE

    VARIABLE        shift and go to state 2
    -               shift and go to state 4
    (               shift and go to state 5
    INTEGER         shift and go to state 6
    FLOAT           shift and go to state 7

    statement                      shift and go to state 1
    expression                     shift and go to state 3

state 1

    (0) S' -> statement .



state 2

    (1) statement -> VARIABLE . = expression
    (11) expression -> VARIABLE .

    =               shift and go to state 8
    +               reduce using rule 11 (expression -> VARIABLE .)
    -               reduce using rule 11 (expression -> VARIABLE .)
    *               reduce using rule 11 (expression -> VARIABLE .)
    /               reduce using rule 11 (expression -> VARIABLE .)
    $end            reduce using rule 11 (expression -> VARIABLE .)


state 3

    (2) statement -> expression .
    (3) expression -> expression . + expression
    (4) expression -> expression . - expression
    (5) expression -> expression . * expression
    (6) expression -> expression . / expression

    $end            reduce using rule 2 (statement -> expression .)
    +               shift and go to state 9
    -               shift and go to state 10
    *               shift and go to state 11
    /               shift and go to state 12


state 4

    (7) expression -> - . expression
    (3) expression -> . expression + expression
    (4) expression -> . expression - expression
    (5) expression -> . expression * expression
    (6) expression -> . expression / expression
    (7) expression -> . - expression
    (8) expression -> . ( expression )
    (9) expression -> . INTEGER
    (10) expression -> . FLOAT
    (11) expression -> . VARIABLE

    -               shift and go to state 4
    (               shift and go to state 5
    INTEGER         shift and go to state 6
    FLOAT           shift and go to state 7
    VARIABLE        shift and go to state 14

    expression                     shift and go to state 13

state 5

    (8) expression -> ( . expression )
    (3) expression -> . expression + expression
    (4) expression -> . expression - expression
    (5) expression -> . expression * expression
    (6) expression -> . expression / expression
    (7) expression -> . - expression
    (8) expression -> . ( expression )
    (9) expression -> . INTEGER
    (10) expression -> . FLOAT
    (11) expression -> . VARIABLE

    -               shift and go to state 4
    (               shift and go to state 5
    INTEGER         shift and go to state 6
    FLOAT           shift and go to state 7
    VARIABLE        shift and go to state 14

    expression                     shift and go to state 15

state 6

    (9) expression -> INTEGER .

    +               reduce using rule 9 (expression -> INTEGER .)
    -               reduce using rule 9 (expression -> INTEGER .)
    *               reduce using rule 9 (expression -> INTEGER .)
    /               reduce using rule 9 (expression -> INTEGER .)
    $end            reduce using rule 9 (expression -> INTEGER .)
    )               reduce using rule 9 (expression -> INTEGER .)


state 7

    (10) expression -> FLOAT .

    +               reduce using rule 10 (expression -> FLOAT .)
    -               reduce using rule 10 (expression -> FLOAT .)
    *               reduce using rule 10 (expression -> FLOAT .)
    /               reduce using rule 10 (expression -> FLOAT .)
    $end            reduce using rule 10 (expression -> FLOAT .)
    )               reduce using rule 10 (expression -> FLOAT .)


state 8

    (1) statement -> VARIABLE = . expression
    (3) expression -> . expression + expression
    (4) expression -> . expression - expression
    (5) expression -> . expression * expression
    (6) expression -> . expression / expression
    (7) expression -> . - expression
    (8) expression -> . ( expression )
    (9) expression -> . INTEGER
    (10) expression -> . FLOAT
    (11) expression -> . VARIABLE

    -               shift and go to state 4
    (               shift and go to state 5
    INTEGER         shift and go to state 6
    FLOAT           shift and go to state 7
    VARIABLE        shift and go to state 14

    expression                     shift and go to state 16

state 9

    (3) expression -> expression + . expression
    (3) expression -> . expression + expression
    (4) expression -> . expression - expression
    (5) expression -> . expression * expression
    (6) expression -> . expression / expression
    (7) expression -> . - expression
    (8) expression -> . ( expression )
    (9) expression -> . INTEGER
    (10) expression -> . FLOAT
    (11) expression -> . VARIABLE

    -               shift and go to state 4
    (               shift and go to state 5
    INTEGER         shift and go to state 6
    FLOAT           shift and go to state 7
    VARIABLE        shift and go to state 14

    expression                     shift and go to state 17

state 10

    (4) expression -> expression - . expression
    (3) expression -> . expression + expression
    (4) expression -> . expression - expression
    (5) expression -> . expression * expression
    (6) expression -> . expression / expression
    (7) expression -> . - expression
    (8) expression -> . ( expression )
    (9) expression -> . INTEGER
    (10) expression -> . FLOAT
    (11) expression -> . VARIABLE

    -               shift and go to state 4
    (               shift and go to state 5
    INTEGER         shift and go to state 6
    FLOAT           shift and go to state 7
    VARIABLE        shift and go to state 14

    expression                     shift and go to state 18

state 11

    (5) expression -> expression * . expression
    (3) expression -> . expression + expression
    (4) expression -> . expression - expression
    (5) expression -> . expression * expression
    (6) expression -> . expression / expression
    (7) expression -> . - expression
    (8) expression -> . ( expression )
    (9) expression -> . INTEGER
    (10) expression -> . FLOAT
    (11) expression -> . VARIABLE

    -               shift and go to state 4
    (               shift and go to state 5
    INTEGER         shift and go to state 6
    FLOAT           shift and go to state 7
    VARIABLE        shift and go to state 14

    expression                     shift and go to state 19

state 12

    (6) expression -> expression / . expression
    (3) expression -> . expression + expression
    (4) expression -> . expression - expression
    (5) expression -> . expression * expression
    (6) expression -> . expression / expression
    (7) expression -> . - expression
    (8) expression -> . ( expression )
    (9) expression -> . INTEGER
    (10) expression -> . FLOAT
    (11) expression -> . VARIABLE

    -               shift and go to state 4
    (               shift and go to state 5
    INTEGER         shift and go to state 6
    FLOAT           shift and go to state 7
    VARIABLE        shift and go to state 14

    expression                     shift and go to state 20

state 13

    (7) expression -> - expression .
    (3) expression -> expression . + expression
    (4) expression -> expression . - expression
    (5) expression -> expression . * expression
    (6) expression -> expression . / expression

    +               reduce using rule 7 (expression -> - expression .)
    -               reduce using rule 7 (expression -> - expression .)
    *               reduce using rule 7 (expression -> - expression .)
    /               reduce using rule 7 (expression -> - expression .)
    $end            reduce using rule 7 (expression -> - expression .)
    )               reduce using rule 7 (expression -> - expression .)

  ! +               [ shift and go to state 9 ]
  ! -               [ shift and go to state 10 ]
  ! *               [ shift and go to state 11 ]
  ! /               [ shift and go to state 12 ]


state 14

    (11) expression -> VARIABLE .

    +               reduce using rule 11 (expression -> VARIABLE .)
    -               reduce using rule 11 (expression -> VARIABLE .)
    *               reduce using rule 11 (expression -> VARIABLE .)
    /               reduce using rule 11 (expression -> VARIABLE .)
    $end            reduce using rule 11 (expression -> VARIABLE .)
    )               reduce using rule 11 (expression -> VARIABLE .)


state 15

    (8) expression -> ( expression . )
    (3) expression -> expression . + expression
    (4) expression -> expression . - expression
    (5) expression -> expression . * expression
    (6) expression -> expression . / expression

    )               shift and go to state 21
    +               shift and go to state 9
    -               shift and go to state 10
    *               shift and go to state 11
    /               shift and go to state 12


state 16

    (1) statement -> VARIABLE = expression .
    (3) expression -> expression . + expression
    (4) expression -> expression . - expression
    (5) expression -> expression . * expression
    (6) expression -> expression . / expression

    $end            reduce using rule 1 (statement -> VARIABLE = expression .)
    +               shift and go to state 9
    -               shift and go to state 10
    *               shift and go to state 11
    /               shift and go to state 12


state 17

    (3) expression -> expression + expression .
    (3) expression -> expression . + expression
    (4) expression -> expression . - expression
    (5) expression -> expression . * expression
    (6) expression -> expression . / expression

    +               reduce using rule 3 (expression -> expression + expression .)
    -               reduce using rule 3 (expression -> expression + expression .)
    $end            reduce using rule 3 (expression -> expression + expression .)
    )               reduce using rule 3 (expression -> expression + expression .)
    *               shift and go to state 11
    /               shift and go to state 12

  ! *               [ reduce using rule 3 (expression -> expression + expression .) ]
  ! /               [ reduce using rule 3 (expression -> expression + expression .) ]
  ! +               [ shift and go to state 9 ]
  ! -               [ shift and go to state 10 ]


state 18

    (4) expression -> expression - expression .
    (3) expression -> expression . + expression
    (4) expression -> expression . - expression
    (5) expression -> expression . * expression
    (6) expression -> expression . / expression

    +               reduce using rule 4 (expression -> expression - expression .)
    -               reduce using rule 4 (expression -> expression - expression .)
    $end            reduce using rule 4 (expression -> expression - expression .)
    )               reduce using rule 4 (expression -> expression - expression .)
    *               shift and go to state 11
    /               shift and go to state 12

  ! *               [ reduce using rule 4 (expression -> expression - expression .) ]
  ! /               [ reduce using rule 4 (expression -> expression - expression .) ]
  ! +               [ shift and go to state 9 ]
  ! -               [ shift and go to state 10 ]


state 19

    (5) expression -> expression * expression .
    (3) expression -> expression . + expression
    (4) expression -> expression . - expression
    (5) expression -> expression . * expression
    (6) expression -> expression . / expression

    +               reduce using rule 5 (expression -> expression * expression .)
    -               reduce using rule 5 (expression -> expression * expression .)
    *               reduce using rule 5 (expression -> expression * expression .)
    /               reduce using rule 5 (expression -> expression * expression .)
    $end            reduce using rule 5 (expression -> expression * expression .)
    )               reduce using rule 5 (expression -> expression * expression .)

  ! +               [ shift and go to state 9 ]
  ! -               [ shift and go to state 10 ]
  ! *               [ shift and go to state 11 ]
  ! /               [ shift and go to state 12 ]


state 20

    (6) expression -> expression / expression .
    (3) expression -> expression . + expression
    (4) expression -> expression . - expression
    (5) expression -> expression . * expression
    (6) expression -> expression . / expression

    +               reduce using rule 6 (expression -> expression / expression .)
    -               reduce using rule 6 (expression -> expression / expression .)
    *               reduce using rule 6 (expression -> expression / expression .)
    /               reduce using rule 6 (expression -> expression / expression .)
    $end            reduce using rule 6 (expression -> expression / expression .)
    )               reduce using rule 6 (expression -> expression / expression .)

  ! +               [ shift and go to state 9 ]
  ! -               [ shift and go to state 10 ]
  ! *               [ shift and go to state 11 ]
  ! /               [ shift and go to state 12 ]


state 21

    (8) expression -> ( expression ) .

    +               reduce using rule 8 (expression -> ( expression ) .)
    -               reduce using rule 8 (expression -> ( expression ) .)
    *               reduce using rule 8 (expression -> ( expression ) .)
    /               reduce using rule 8 (expression -> ( expression ) .)
    $end            reduce using rule 8 (expression -> ( expression ) .)
    )               reduce using rule 8 (expression -> ( expression ) .)

